<?xml version="1.0" encoding="UTF-8"?>
<!-- Generated by org.testng.reporters.JUnitReportReporter -->
<testsuite hostname="Bobby" failures="0" tests="7" name="testCases.WebTable" time="17.296" errors="0" timestamp="2025-06-21T19:01:02 IST" skipped="0">
  <testcase classname="testCases.WebTable" name="testCricketScore" time="2.258"/>
  <testcase classname="testCases.WebTable" name="testCricketScore" time="3.159"/>
  <testcase classname="testCases.WebTable" name="testCricketScore" time="4.968"/>
  <testcase classname="testCases.WebTable" name="testCricketScore" time="1.814"/>
  <testcase classname="testCases.WebTable" name="testCricketScore" time="1.801"/>
  <testcase classname="testCases.WebTable" name="testCricketScore" time="2.014"/>
  <testcase classname="testCases.WebTable" name="testCricketScore" time="1.282"/>
</testsuite> <!-- testCases.WebTable -->
