<?xml version="1.0" encoding="UTF-8"?>
<!-- Generated by org.testng.reporters.JUnitReportReporter -->
<testsuite hostname="Bobby" failures="0" tests="2" name="testCases.TestClass" time="0.017" errors="0" timestamp="2025-06-18T21:49:13 IST" skipped="0">
  <testcase classname="testCases.TestClass" name="firstTestMethod" time="0.015"/>
  <testcase classname="testCases.TestClass" name="secondTestMethod" time="0.002"/>
</testsuite> <!-- testCases.TestClass -->
