<?xml version="1.0" encoding="UTF-8"?>
<!-- Generated by org.testng.reporters.JUnitReportReporter -->
<testsuite hostname="Bobby" failures="0" tests="2" name="testCases.TestClass" time="0.023" errors="0" timestamp="2025-06-22T23:05:07 IST" skipped="0">
  <testcase classname="testCases.TestClass" name="firstTestMethod" time="0.020"/>
  <testcase classname="testCases.TestClass" name="secondTestMethod" time="0.003"/>
</testsuite> <!-- testCases.TestClass -->
