<?xml version="1.0" encoding="UTF-8"?>
<!-- Generated by org.testng.reporters.JUnitReportReporter -->
<testsuite hostname="Bobby" failures="0" tests="6" name="testCases.MakeMyTrip" time="12.376" errors="0" timestamp="2025-06-24T22:55:32 IST" skipped="0">
  <testcase classname="testCases.MakeMyTrip" name="testLeastPrice" time="2.301"/>
  <testcase classname="testCases.MakeMyTrip" name="testLeastPrice" time="1.879"/>
  <testcase classname="testCases.MakeMyTrip" name="testLeastPrice" time="1.974"/>
  <testcase classname="testCases.MakeMyTrip" name="testLeastPrice" time="2.178"/>
  <testcase classname="testCases.MakeMyTrip" name="testLeastPrice" time="2.097"/>
  <testcase classname="testCases.MakeMyTrip" name="testLeastPrice" time="1.947"/>
</testsuite> <!-- testCases.MakeMyTrip -->
