<?xml version="1.0" encoding="UTF-8"?>
<!-- Generated by org.testng.reporters.JUnitReportReporter -->
<testsuite hostname="Bobby" failures="0" tests="7" name="testCases.WebTable" time="40.396" errors="0" timestamp="2025-06-20T15:21:19 IST" skipped="0">
  <testcase classname="testCases.WebTable" name="testCricketScore" time="3.530"/>
  <testcase classname="testCases.WebTable" name="testCricketScore" time="3.143"/>
  <testcase classname="testCases.WebTable" name="testCricketScore" time="26.124"/>
  <testcase classname="testCases.WebTable" name="testCricketScore" time="1.215"/>
  <testcase classname="testCases.WebTable" name="testCricketScore" time="2.328"/>
  <testcase classname="testCases.WebTable" name="testCricketScore" time="1.984"/>
  <testcase classname="testCases.WebTable" name="testCricketScore" time="2.072"/>
</testsuite> <!-- testCases.WebTable -->
