<?xml version="1.0" encoding="UTF-8"?>
<!-- Generated by org.testng.reporters.JUnitReportReporter -->
<testsuite hostname="Bobby" failures="0" tests="2" name="testCases.TestClass" time="0.033" errors="0" timestamp="2025-06-20T21:05:31 IST" skipped="0">
  <testcase classname="testCases.TestClass" name="firstTestMethod" time="0.016"/>
  <testcase classname="testCases.TestClass" name="secondTestMethod" time="0.017"/>
</testsuite> <!-- testCases.TestClass -->
