<?xml version="1.0" encoding="UTF-8"?>
<!-- Generated by org.testng.reporters.JUnitReportReporter -->
<testsuite hostname="Bobby" failures="0" tests="1" name="testCases.CricBuzz" time="13.328" errors="0" timestamp="2025-06-20T08:52:07 IST" skipped="0">
  <testcase classname="testCases.CricBuzz" name="testSLvsBan" time="13.328"/>
</testsuite> <!-- testCases.CricBuzz -->
