<?xml version="1.0" encoding="UTF-8"?>
<!-- Generated by org.testng.reporters.JUnitReportReporter -->
<testsuite hostname="Bobby" failures="0" tests="6" name="testCases.MakeMyTrip" time="15.190" errors="0" timestamp="2025-06-26T23:00:37 IST" skipped="0">
  <testcase classname="testCases.MakeMyTrip" name="testLeastPrice" time="2.287"/>
  <testcase classname="testCases.MakeMyTrip" name="testLeastPrice" time="2.570"/>
  <testcase classname="testCases.MakeMyTrip" name="testLeastPrice" time="2.406"/>
  <testcase classname="testCases.MakeMyTrip" name="testLeastPrice" time="2.286"/>
  <testcase classname="testCases.MakeMyTrip" name="testLeastPrice" time="2.485"/>
  <testcase classname="testCases.MakeMyTrip" name="testLeastPrice" time="3.156"/>
</testsuite> <!-- testCases.MakeMyTrip -->
