<?xml version="1.0" encoding="UTF-8"?>
<!-- Generated by org.testng.reporters.JUnitReportReporter -->
<testsuite hostname="Bobby" failures="0" tests="2" name="testCases.WebTable" time="10.596" errors="0" timestamp="2025-06-19T21:27:01 IST" skipped="0">
  <testcase classname="testCases.WebTable" name="testChampionFinal" time="2.790"/>
  <testcase classname="testCases.WebTable" name="banVsSl" time="7.806"/>
</testsuite> <!-- testCases.WebTable -->
