<?xml version="1.0" encoding="UTF-8"?>
<!-- Generated by org.testng.reporters.JUnitReportReporter -->
<testsuite hostname="Bobby" failures="0" tests="2" name="testCases.WebTable" time="13.840" errors="0" timestamp="2025-06-20T08:18:11 IST" skipped="0">
  <testcase classname="testCases.WebTable" name="testChampionFinal" time="4.076"/>
  <testcase classname="testCases.WebTable" name="banVsSl" time="9.764"/>
</testsuite> <!-- testCases.WebTable -->
