<?xml version="1.0" encoding="UTF-8"?>
<!-- Generated by org.testng.reporters.JUnitReportReporter -->
<testsuite hostname="Bobby" failures="0" tests="1" name="utilities.Screenshot" time="3.265" errors="0" timestamp="2025-06-26T22:53:00 IST" skipped="0">
  <testcase classname="utilities.Screenshot" name="takeSreenshot" time="3.265"/>
</testsuite> <!-- utilities.Screenshot -->
