<?xml version="1.0" encoding="UTF-8"?>
<!-- Generated by org.testng.reporters.JUnitReportReporter -->
<testsuite hostname="Bobby" failures="0" tests="1" name="testCases.CricBuzz" time="6.488" errors="0" timestamp="2025-06-20T21:05:31 IST" skipped="0">
  <testcase classname="testCases.CricBuzz" name="testSLvsBan" time="6.488"/>
</testsuite> <!-- testCases.CricBuzz -->
