<?xml version="1.0" encoding="UTF-8"?>
<!-- Generated by org.testng.reporters.JUnitReportReporter -->
<testsuite hostname="Bobby" failures="0" tests="4" name="testCases.MakeMyTrip" time="6.498" errors="0" timestamp="2025-06-21T18:51:43 IST" skipped="0">
  <testcase classname="testCases.MakeMyTrip" name="testLeastPrice" time="1.673"/>
  <testcase classname="testCases.MakeMyTrip" name="testLeastPrice" time="1.613"/>
  <testcase classname="testCases.MakeMyTrip" name="testLeastPrice" time="1.691"/>
  <testcase classname="testCases.MakeMyTrip" name="testLeastPrice" time="1.521"/>
</testsuite> <!-- testCases.MakeMyTrip -->
