<?xml version="1.0" encoding="UTF-8"?>
<!-- Generated by org.testng.reporters.JUnitReportReporter -->
<testsuite hostname="Bobby" failures="0" tests="1" name="testCases.CricBuzz" time="6.517" errors="0" timestamp="2025-06-22T23:05:07 IST" skipped="0">
  <testcase classname="testCases.CricBuzz" name="testSLvsBan" time="6.517"/>
</testsuite> <!-- testCases.CricBuzz -->
