<?xml version="1.0" encoding="UTF-8"?>
<!-- Generated by org.testng.reporters.JUnitReportReporter -->
<testsuite hostname="Bobby" failures="0" tests="7" name="testCases.WebTable" time="34.049" errors="0" timestamp="2025-06-24T19:18:25 IST" skipped="0">
  <testcase classname="testCases.WebTable" name="testCricketScore" time="3.487"/>
  <testcase classname="testCases.WebTable" name="testCricketScore" time="3.103"/>
  <testcase classname="testCases.WebTable" name="testCricketScore" time="11.180"/>
  <testcase classname="testCases.WebTable" name="testCricketScore" time="5.362"/>
  <testcase classname="testCases.WebTable" name="testCricketScore" time="2.861"/>
  <testcase classname="testCases.WebTable" name="testCricketScore" time="2.199"/>
  <testcase classname="testCases.WebTable" name="testCricketScore" time="5.857"/>
</testsuite> <!-- testCases.WebTable -->
